[2023-11-21T09:12:50.690+0000] {manager.py:487} INFO - Processing files using up to 2 processes at a time 
[2023-11-21T09:12:50.691+0000] {manager.py:488} INFO - Process each file at most once every 30 seconds
[2023-11-21T09:12:50.692+0000] {manager.py:489} INFO - Checking for new files in /opt/airflow/dags every 300 seconds
[2023-11-21T09:12:50.692+0000] {manager.py:759} INFO - Searching for files in /opt/airflow/dags
[2023-11-21T09:12:50.696+0000] {manager.py:762} INFO - There are 0 files in /opt/airflow/dags
[2023-11-21T09:17:50.752+0000] {manager.py:759} INFO - Searching for files in /opt/airflow/dags
[2023-11-21T09:17:50.754+0000] {manager.py:762} INFO - There are 0 files in /opt/airflow/dags
[2023-11-21T09:22:51.688+0000] {manager.py:759} INFO - Searching for files in /opt/airflow/dags
[2023-11-21T09:22:51.690+0000] {manager.py:762} INFO - There are 0 files in /opt/airflow/dags
[2023-11-21T09:27:52.642+0000] {manager.py:759} INFO - Searching for files in /opt/airflow/dags
[2023-11-21T09:27:52.645+0000] {manager.py:762} INFO - There are 0 files in /opt/airflow/dags
[2023-11-21T09:32:53.592+0000] {manager.py:759} INFO - Searching for files in /opt/airflow/dags
[2023-11-21T09:32:53.595+0000] {manager.py:762} INFO - There are 0 files in /opt/airflow/dags
[2023-11-21T09:37:54.559+0000] {manager.py:759} INFO - Searching for files in /opt/airflow/dags
[2023-11-21T09:37:54.562+0000] {manager.py:762} INFO - There are 0 files in /opt/airflow/dags
[2023-11-21T09:42:55.559+0000] {manager.py:759} INFO - Searching for files in /opt/airflow/dags
[2023-11-21T09:42:55.570+0000] {manager.py:762} INFO - There are 1 files in /opt/airflow/dags
[2023-11-21T09:42:56.622+0000] {manager.py:893} INFO - 
================================================================================
DAG File Processing Stats

File Path                   PID    Runtime      # DAGs    # Errors  Last Runtime    Last Run
--------------------------  -----  ---------  --------  ----------  --------------  -------------------
/opt/airflow/dags/task1.py                           1           0  0.30s           2023-11-21T09:42:55
================================================================================
[2023-11-21T09:43:27.205+0000] {manager.py:893} INFO - 
================================================================================
DAG File Processing Stats

File Path                   PID    Runtime      # DAGs    # Errors  Last Runtime    Last Run
--------------------------  -----  ---------  --------  ----------  --------------  -------------------
/opt/airflow/dags/task1.py                           1           0  0.09s           2023-11-21T09:43:25
================================================================================
[2023-11-21T09:43:57.352+0000] {manager.py:893} INFO - 
================================================================================
DAG File Processing Stats

File Path                   PID    Runtime      # DAGs    # Errors  Last Runtime    Last Run
--------------------------  -----  ---------  --------  ----------  --------------  -------------------
/opt/airflow/dags/task1.py                           1           0  0.09s           2023-11-21T09:43:55
================================================================================
[2023-11-21T09:44:27.533+0000] {manager.py:893} INFO - 
================================================================================
DAG File Processing Stats

File Path                   PID    Runtime      # DAGs    # Errors  Last Runtime    Last Run
--------------------------  -----  ---------  --------  ----------  --------------  -------------------
/opt/airflow/dags/task1.py                           1           0  0.09s           2023-11-21T09:44:25
================================================================================
[2023-11-21T09:44:57.676+0000] {manager.py:893} INFO - 
================================================================================
DAG File Processing Stats

File Path                   PID    Runtime      # DAGs    # Errors  Last Runtime    Last Run
--------------------------  -----  ---------  --------  ----------  --------------  -------------------
/opt/airflow/dags/task1.py                           1           0  0.10s           2023-11-21T09:44:55
================================================================================
[2023-11-21T09:45:27.871+0000] {manager.py:893} INFO - 
================================================================================
DAG File Processing Stats

File Path                   PID    Runtime      # DAGs    # Errors  Last Runtime    Last Run
--------------------------  -----  ---------  --------  ----------  --------------  -------------------
/opt/airflow/dags/task1.py                           1           0  0.10s           2023-11-21T09:45:25
================================================================================
[2023-11-21T09:45:58.031+0000] {manager.py:893} INFO - 
================================================================================
DAG File Processing Stats

File Path                   PID    Runtime      # DAGs    # Errors  Last Runtime    Last Run
--------------------------  -----  ---------  --------  ----------  --------------  -------------------
/opt/airflow/dags/task1.py                           1           0  0.16s           2023-11-21T09:45:36
================================================================================
[2023-11-21T09:46:28.260+0000] {manager.py:893} INFO - 
================================================================================
DAG File Processing Stats

File Path                   PID    Runtime      # DAGs    # Errors  Last Runtime    Last Run
--------------------------  -----  ---------  --------  ----------  --------------  -------------------
/opt/airflow/dags/task1.py                           1           0  0.09s           2023-11-21T09:46:06
================================================================================
[2023-11-21T09:46:58.454+0000] {manager.py:893} INFO - 
================================================================================
DAG File Processing Stats

File Path                   PID    Runtime      # DAGs    # Errors  Last Runtime    Last Run
--------------------------  -----  ---------  --------  ----------  --------------  -------------------
/opt/airflow/dags/task1.py                           1           0  0.10s           2023-11-21T09:46:36
================================================================================
[2023-11-21T09:47:28.606+0000] {manager.py:893} INFO - 
================================================================================
DAG File Processing Stats

File Path                   PID    Runtime      # DAGs    # Errors  Last Runtime    Last Run
--------------------------  -----  ---------  --------  ----------  --------------  -------------------
/opt/airflow/dags/task1.py                           1           0  0.10s           2023-11-21T09:47:06
================================================================================
[2023-11-21T09:47:55.775+0000] {manager.py:759} INFO - Searching for files in /opt/airflow/dags
[2023-11-21T09:47:55.790+0000] {manager.py:762} INFO - There are 1 files in /opt/airflow/dags
[2023-11-21T09:47:58.818+0000] {manager.py:893} INFO - 
================================================================================
DAG File Processing Stats

File Path                   PID    Runtime      # DAGs    # Errors  Last Runtime    Last Run
--------------------------  -----  ---------  --------  ----------  --------------  -------------------
/opt/airflow/dags/task1.py                           1           0  0.09s           2023-11-21T09:47:36
================================================================================
[2023-11-21T09:48:28.957+0000] {manager.py:893} INFO - 
================================================================================
DAG File Processing Stats

File Path                   PID    Runtime      # DAGs    # Errors  Last Runtime    Last Run
--------------------------  -----  ---------  --------  ----------  --------------  -------------------
/opt/airflow/dags/task1.py                           1           0  0.09s           2023-11-21T09:48:06
================================================================================
[2023-11-21T09:48:59.135+0000] {manager.py:893} INFO - 
================================================================================
DAG File Processing Stats

File Path                   PID    Runtime      # DAGs    # Errors  Last Runtime    Last Run
--------------------------  -----  ---------  --------  ----------  --------------  -------------------
/opt/airflow/dags/task1.py                           1           0  0.09s           2023-11-21T09:48:37
================================================================================
[2023-11-21T09:49:29.271+0000] {manager.py:893} INFO - 
================================================================================
DAG File Processing Stats

File Path                   PID    Runtime      # DAGs    # Errors  Last Runtime    Last Run
--------------------------  -----  ---------  --------  ----------  --------------  -------------------
/opt/airflow/dags/task1.py                           1           0  0.09s           2023-11-21T09:49:07
================================================================================
[2023-11-21T09:49:59.446+0000] {manager.py:893} INFO - 
================================================================================
DAG File Processing Stats

File Path                   PID    Runtime      # DAGs    # Errors  Last Runtime    Last Run
--------------------------  -----  ---------  --------  ----------  --------------  -------------------
/opt/airflow/dags/task1.py                           1           0  0.09s           2023-11-21T09:49:37
================================================================================
[2023-11-21T09:50:29.584+0000] {manager.py:893} INFO - 
================================================================================
DAG File Processing Stats

File Path                   PID    Runtime      # DAGs    # Errors  Last Runtime    Last Run
--------------------------  -----  ---------  --------  ----------  --------------  -------------------
/opt/airflow/dags/task1.py                           1           0  0.09s           2023-11-21T09:50:07
================================================================================
[2023-11-21T09:50:59.754+0000] {manager.py:893} INFO - 
================================================================================
DAG File Processing Stats

File Path                   PID    Runtime      # DAGs    # Errors  Last Runtime    Last Run
--------------------------  -----  ---------  --------  ----------  --------------  -------------------
/opt/airflow/dags/task1.py                           1           0  0.09s           2023-11-21T09:50:37
================================================================================
[2023-11-21T09:51:29.896+0000] {manager.py:893} INFO - 
================================================================================
DAG File Processing Stats

File Path                   PID    Runtime      # DAGs    # Errors  Last Runtime    Last Run
--------------------------  -----  ---------  --------  ----------  --------------  -------------------
/opt/airflow/dags/task1.py                           1           0  0.08s           2023-11-21T09:51:07
================================================================================
[2023-11-21T09:52:00.067+0000] {manager.py:893} INFO - 
================================================================================
DAG File Processing Stats

File Path                   PID    Runtime      # DAGs    # Errors  Last Runtime    Last Run
--------------------------  -----  ---------  --------  ----------  --------------  -------------------
/opt/airflow/dags/task1.py                           1           0  0.09s           2023-11-21T09:51:38
================================================================================
[2023-11-21T09:52:30.268+0000] {manager.py:893} INFO - 
================================================================================
DAG File Processing Stats

File Path                   PID    Runtime      # DAGs    # Errors  Last Runtime    Last Run
--------------------------  -----  ---------  --------  ----------  --------------  -------------------
/opt/airflow/dags/task1.py                           0           1  0.05s           2023-11-21T09:52:28
================================================================================
[2023-11-21T09:52:56.375+0000] {manager.py:759} INFO - Searching for files in /opt/airflow/dags
[2023-11-21T09:52:56.388+0000] {manager.py:762} INFO - There are 1 files in /opt/airflow/dags
[2023-11-21T09:53:00.436+0000] {manager.py:893} INFO - 
================================================================================
DAG File Processing Stats

File Path                   PID    Runtime      # DAGs    # Errors  Last Runtime    Last Run
--------------------------  -----  ---------  --------  ----------  --------------  -------------------
/opt/airflow/dags/task1.py                           0           1  0.05s           2023-11-21T09:52:58
================================================================================
[2023-11-21T09:53:30.577+0000] {manager.py:893} INFO - 
================================================================================
DAG File Processing Stats

File Path                   PID    Runtime      # DAGs    # Errors  Last Runtime    Last Run
--------------------------  -----  ---------  --------  ----------  --------------  -------------------
/opt/airflow/dags/task1.py                           0           1  0.06s           2023-11-21T09:53:26
================================================================================
[2023-11-21T09:54:00.726+0000] {manager.py:893} INFO - 
================================================================================
DAG File Processing Stats

File Path                   PID    Runtime      # DAGs    # Errors  Last Runtime    Last Run
--------------------------  -----  ---------  --------  ----------  --------------  -------------------
/opt/airflow/dags/task1.py                           0           1  0.05s           2023-11-21T09:53:56
================================================================================
[2023-11-21T09:54:30.865+0000] {manager.py:893} INFO - 
================================================================================
DAG File Processing Stats

File Path                   PID    Runtime      # DAGs    # Errors  Last Runtime    Last Run
--------------------------  -----  ---------  --------  ----------  --------------  -------------------
/opt/airflow/dags/task1.py                           0           1  0.05s           2023-11-21T09:54:26
================================================================================
[2023-11-21T09:55:01.016+0000] {manager.py:893} INFO - 
================================================================================
DAG File Processing Stats

File Path                   PID    Runtime      # DAGs    # Errors  Last Runtime    Last Run
--------------------------  -----  ---------  --------  ----------  --------------  -------------------
/opt/airflow/dags/task1.py                           0           1  0.05s           2023-11-21T09:54:57
================================================================================
[2023-11-21T09:55:31.151+0000] {manager.py:893} INFO - 
================================================================================
DAG File Processing Stats

File Path                   PID    Runtime      # DAGs    # Errors  Last Runtime    Last Run
--------------------------  -----  ---------  --------  ----------  --------------  -------------------
/opt/airflow/dags/task1.py                           0           1  0.05s           2023-11-21T09:55:27
================================================================================
[2023-11-21T09:56:01.295+0000] {manager.py:893} INFO - 
================================================================================
DAG File Processing Stats

File Path                   PID    Runtime      # DAGs    # Errors  Last Runtime    Last Run
--------------------------  -----  ---------  --------  ----------  --------------  -------------------
/opt/airflow/dags/task1.py                           0           1  0.04s           2023-11-21T09:55:57
================================================================================
[2023-11-21T09:56:31.441+0000] {manager.py:893} INFO - 
================================================================================
DAG File Processing Stats

File Path                   PID    Runtime      # DAGs    # Errors  Last Runtime    Last Run
--------------------------  -----  ---------  --------  ----------  --------------  -------------------
/opt/airflow/dags/task1.py                           0           1  0.07s           2023-11-21T09:56:12
================================================================================
[2023-11-21T09:57:01.585+0000] {manager.py:893} INFO - 
================================================================================
DAG File Processing Stats

File Path                   PID    Runtime      # DAGs    # Errors  Last Runtime    Last Run
--------------------------  -----  ---------  --------  ----------  --------------  -------------------
/opt/airflow/dags/task1.py                           0           1  0.05s           2023-11-21T09:56:42
================================================================================
[2023-11-21T09:57:31.723+0000] {manager.py:893} INFO - 
================================================================================
DAG File Processing Stats

File Path                   PID    Runtime      # DAGs    # Errors  Last Runtime    Last Run
--------------------------  -----  ---------  --------  ----------  --------------  -------------------
/opt/airflow/dags/task1.py                           0           1  0.05s           2023-11-21T09:57:12
================================================================================
[2023-11-21T09:57:56.877+0000] {manager.py:759} INFO - Searching for files in /opt/airflow/dags
[2023-11-21T09:57:56.887+0000] {manager.py:762} INFO - There are 1 files in /opt/airflow/dags
[2023-11-21T09:58:01.921+0000] {manager.py:893} INFO - 
================================================================================
DAG File Processing Stats

File Path                   PID    Runtime      # DAGs    # Errors  Last Runtime    Last Run
--------------------------  -----  ---------  --------  ----------  --------------  -------------------
/opt/airflow/dags/task1.py                           0           1  0.06s           2023-11-21T09:57:51
================================================================================
[2023-11-21T09:58:32.109+0000] {manager.py:893} INFO - 
================================================================================
DAG File Processing Stats

File Path                   PID    Runtime      # DAGs    # Errors  Last Runtime    Last Run
--------------------------  -----  ---------  --------  ----------  --------------  -------------------
/opt/airflow/dags/task1.py                           0           1  0.06s           2023-11-21T09:58:09
================================================================================
[2023-11-21T09:59:02.310+0000] {manager.py:893} INFO - 
================================================================================
DAG File Processing Stats

File Path                   PID    Runtime      # DAGs    # Errors  Last Runtime    Last Run
--------------------------  -----  ---------  --------  ----------  --------------  -------------------
/opt/airflow/dags/task1.py                           0           1  0.06s           2023-11-21T09:59:01
================================================================================
[2023-11-21T09:59:32.574+0000] {manager.py:893} INFO - 
================================================================================
DAG File Processing Stats

File Path                   PID    Runtime      # DAGs    # Errors  Last Runtime    Last Run
--------------------------  -----  ---------  --------  ----------  --------------  -------------------
/opt/airflow/dags/task1.py                           0           1  0.06s           2023-11-21T09:59:21
================================================================================
[2023-11-21T10:00:02.714+0000] {manager.py:893} INFO - 
================================================================================
DAG File Processing Stats

File Path                   PID    Runtime      # DAGs    # Errors  Last Runtime    Last Run
--------------------------  -----  ---------  --------  ----------  --------------  -------------------
/opt/airflow/dags/task1.py                           0           1  0.05s           2023-11-21T09:59:51
================================================================================
[2023-11-21T10:00:32.864+0000] {manager.py:893} INFO - 
================================================================================
DAG File Processing Stats

File Path                   PID    Runtime      # DAGs    # Errors  Last Runtime    Last Run
--------------------------  -----  ---------  --------  ----------  --------------  -------------------
/opt/airflow/dags/task1.py                           0           1  0.06s           2023-11-21T10:00:21
================================================================================
[2023-11-21T10:01:03.013+0000] {manager.py:893} INFO - 
================================================================================
DAG File Processing Stats

File Path                   PID    Runtime      # DAGs    # Errors  Last Runtime    Last Run
--------------------------  -----  ---------  --------  ----------  --------------  -------------------
/opt/airflow/dags/task1.py                           0           1  0.05s           2023-11-21T10:00:52
================================================================================
[2023-11-21T10:01:33.150+0000] {manager.py:893} INFO - 
================================================================================
DAG File Processing Stats

File Path                   PID    Runtime      # DAGs    # Errors  Last Runtime    Last Run
--------------------------  -----  ---------  --------  ----------  --------------  -------------------
/opt/airflow/dags/task1.py                           0           1  0.04s           2023-11-21T10:01:22
================================================================================
[2023-11-21T10:02:03.288+0000] {manager.py:893} INFO - 
================================================================================
DAG File Processing Stats

File Path                   PID    Runtime      # DAGs    # Errors  Last Runtime    Last Run
--------------------------  -----  ---------  --------  ----------  --------------  -------------------
/opt/airflow/dags/task1.py                           0           1  0.05s           2023-11-21T10:01:52
================================================================================
[2023-11-21T10:02:33.425+0000] {manager.py:893} INFO - 
================================================================================
DAG File Processing Stats

File Path                   PID    Runtime      # DAGs    # Errors  Last Runtime    Last Run
--------------------------  -----  ---------  --------  ----------  --------------  -------------------
/opt/airflow/dags/task1.py                           0           1  0.05s           2023-11-21T10:02:22
================================================================================
[2023-11-21T10:02:57.539+0000] {manager.py:759} INFO - Searching for files in /opt/airflow/dags
[2023-11-21T10:02:57.552+0000] {manager.py:762} INFO - There are 1 files in /opt/airflow/dags
[2023-11-21T10:03:03.590+0000] {manager.py:893} INFO - 
================================================================================
DAG File Processing Stats

File Path                   PID    Runtime      # DAGs    # Errors  Last Runtime    Last Run
--------------------------  -----  ---------  --------  ----------  --------------  -------------------
/opt/airflow/dags/task1.py                           0           1  0.05s           2023-11-21T10:02:52
================================================================================
[2023-11-21T10:03:33.726+0000] {manager.py:893} INFO - 
================================================================================
DAG File Processing Stats

File Path                   PID    Runtime      # DAGs    # Errors  Last Runtime    Last Run
--------------------------  -----  ---------  --------  ----------  --------------  -------------------
/opt/airflow/dags/task1.py                           0           1  0.05s           2023-11-21T10:03:22
================================================================================
[2023-11-21T10:04:03.868+0000] {manager.py:893} INFO - 
================================================================================
DAG File Processing Stats

File Path                   PID    Runtime      # DAGs    # Errors  Last Runtime    Last Run
--------------------------  -----  ---------  --------  ----------  --------------  -------------------
/opt/airflow/dags/task1.py                           0           1  0.05s           2023-11-21T10:03:52
================================================================================
[2023-11-21T10:04:34.024+0000] {manager.py:893} INFO - 
================================================================================
DAG File Processing Stats

File Path                   PID    Runtime      # DAGs    # Errors  Last Runtime    Last Run
--------------------------  -----  ---------  --------  ----------  --------------  -------------------
/opt/airflow/dags/task1.py                           0           1  0.07s           2023-11-21T10:04:06
================================================================================
[2023-11-21T10:05:04.211+0000] {manager.py:893} INFO - 
================================================================================
DAG File Processing Stats

File Path                   PID    Runtime      # DAGs    # Errors  Last Runtime    Last Run
--------------------------  -----  ---------  --------  ----------  --------------  -------------------
/opt/airflow/dags/task1.py                           0           1  0.06s           2023-11-21T10:04:38
================================================================================
[2023-11-21T10:05:34.348+0000] {manager.py:893} INFO - 
================================================================================
DAG File Processing Stats

File Path                   PID    Runtime      # DAGs    # Errors  Last Runtime    Last Run
--------------------------  -----  ---------  --------  ----------  --------------  -------------------
/opt/airflow/dags/task1.py                           0           1  0.05s           2023-11-21T10:05:08
================================================================================
[2023-11-21T10:06:04.488+0000] {manager.py:893} INFO - 
================================================================================
DAG File Processing Stats

File Path                   PID    Runtime      # DAGs    # Errors  Last Runtime    Last Run
--------------------------  -----  ---------  --------  ----------  --------------  -------------------
/opt/airflow/dags/task1.py                           0           1  0.05s           2023-11-21T10:05:38
================================================================================
[2023-11-21T10:06:34.627+0000] {manager.py:893} INFO - 
================================================================================
DAG File Processing Stats

File Path                   PID    Runtime      # DAGs    # Errors  Last Runtime    Last Run
--------------------------  -----  ---------  --------  ----------  --------------  -------------------
/opt/airflow/dags/task1.py                           0           1  0.06s           2023-11-21T10:06:07
================================================================================
[2023-11-21T10:07:04.779+0000] {manager.py:893} INFO - 
================================================================================
DAG File Processing Stats

File Path                   PID    Runtime      # DAGs    # Errors  Last Runtime    Last Run
--------------------------  -----  ---------  --------  ----------  --------------  -------------------
/opt/airflow/dags/task1.py                           0           1  0.05s           2023-11-21T10:06:37
================================================================================
[2023-11-21T10:07:34.917+0000] {manager.py:893} INFO - 
================================================================================
DAG File Processing Stats

File Path                   PID    Runtime      # DAGs    # Errors  Last Runtime    Last Run
--------------------------  -----  ---------  --------  ----------  --------------  -------------------
/opt/airflow/dags/task1.py                           0           1  0.05s           2023-11-21T10:07:07
================================================================================
[2023-11-21T10:07:58.022+0000] {manager.py:759} INFO - Searching for files in /opt/airflow/dags
[2023-11-21T10:07:58.034+0000] {manager.py:762} INFO - There are 1 files in /opt/airflow/dags
[2023-11-21T10:08:05.076+0000] {manager.py:893} INFO - 
================================================================================
DAG File Processing Stats

File Path                   PID    Runtime      # DAGs    # Errors  Last Runtime    Last Run
--------------------------  -----  ---------  --------  ----------  --------------  -------------------
/opt/airflow/dags/task1.py                           0           1  0.05s           2023-11-21T10:07:37
================================================================================
[2023-11-21T10:08:35.269+0000] {manager.py:893} INFO - 
================================================================================
DAG File Processing Stats

File Path                   PID    Runtime      # DAGs    # Errors  Last Runtime    Last Run
--------------------------  -----  ---------  --------  ----------  --------------  -------------------
/opt/airflow/dags/task1.py                           0           1  0.06s           2023-11-21T10:08:14
================================================================================
[2023-11-21T10:09:05.437+0000] {manager.py:893} INFO - 
================================================================================
DAG File Processing Stats

File Path                   PID    Runtime      # DAGs    # Errors  Last Runtime    Last Run
--------------------------  -----  ---------  --------  ----------  --------------  -------------------
/opt/airflow/dags/task1.py                           0           1  0.06s           2023-11-21T10:08:58
================================================================================
[2023-11-21T10:09:35.574+0000] {manager.py:893} INFO - 
================================================================================
DAG File Processing Stats

File Path                   PID    Runtime      # DAGs    # Errors  Last Runtime    Last Run
--------------------------  -----  ---------  --------  ----------  --------------  -------------------
/opt/airflow/dags/task1.py                           0           1  0.05s           2023-11-21T10:09:28
================================================================================
[2023-11-21T10:10:05.711+0000] {manager.py:893} INFO - 
================================================================================
DAG File Processing Stats

File Path                   PID    Runtime      # DAGs    # Errors  Last Runtime    Last Run
--------------------------  -----  ---------  --------  ----------  --------------  -------------------
/opt/airflow/dags/task1.py                           0           1  0.05s           2023-11-21T10:09:58
================================================================================
[2023-11-21T10:10:35.849+0000] {manager.py:893} INFO - 
================================================================================
DAG File Processing Stats

File Path                   PID    Runtime      # DAGs    # Errors  Last Runtime    Last Run
--------------------------  -----  ---------  --------  ----------  --------------  -------------------
/opt/airflow/dags/task1.py                           0           1  0.05s           2023-11-21T10:10:28
================================================================================
[2023-11-21T10:11:05.989+0000] {manager.py:893} INFO - 
================================================================================
DAG File Processing Stats

File Path                   PID    Runtime      # DAGs    # Errors  Last Runtime    Last Run
--------------------------  -----  ---------  --------  ----------  --------------  -------------------
/opt/airflow/dags/task1.py                           0           1  0.05s           2023-11-21T10:10:59
================================================================================
[2023-11-21T10:11:36.120+0000] {manager.py:893} INFO - 
================================================================================
DAG File Processing Stats

File Path                   PID    Runtime      # DAGs    # Errors  Last Runtime    Last Run
--------------------------  -----  ---------  --------  ----------  --------------  -------------------
/opt/airflow/dags/task1.py                           0           1  0.05s           2023-11-21T10:11:29
================================================================================
[2023-11-21T10:12:06.265+0000] {manager.py:893} INFO - 
================================================================================
DAG File Processing Stats

File Path                   PID    Runtime      # DAGs    # Errors  Last Runtime    Last Run
--------------------------  -----  ---------  --------  ----------  --------------  -------------------
/opt/airflow/dags/task1.py                           0           1  0.06s           2023-11-21T10:11:59
================================================================================
[2023-11-21T10:12:36.405+0000] {manager.py:893} INFO - 
================================================================================
DAG File Processing Stats

File Path                   PID    Runtime      # DAGs    # Errors  Last Runtime    Last Run
--------------------------  -----  ---------  --------  ----------  --------------  -------------------
/opt/airflow/dags/task1.py                           0           1  0.05s           2023-11-21T10:12:29
================================================================================
[2023-11-21T10:12:58.496+0000] {manager.py:759} INFO - Searching for files in /opt/airflow/dags
[2023-11-21T10:12:58.513+0000] {manager.py:762} INFO - There are 1 files in /opt/airflow/dags
[2023-11-21T10:13:06.573+0000] {manager.py:893} INFO - 
================================================================================
DAG File Processing Stats

File Path                   PID    Runtime      # DAGs    # Errors  Last Runtime    Last Run
--------------------------  -----  ---------  --------  ----------  --------------  -------------------
/opt/airflow/dags/task1.py                           0           1  0.05s           2023-11-21T10:12:59
================================================================================
[2023-11-21T10:13:36.709+0000] {manager.py:893} INFO - 
================================================================================
DAG File Processing Stats

File Path                   PID    Runtime      # DAGs    # Errors  Last Runtime    Last Run
--------------------------  -----  ---------  --------  ----------  --------------  -------------------
/opt/airflow/dags/task1.py                           0           1  0.04s           2023-11-21T10:13:29
================================================================================
[2023-11-21T10:14:06.848+0000] {manager.py:893} INFO - 
================================================================================
DAG File Processing Stats

File Path                   PID    Runtime      # DAGs    # Errors  Last Runtime    Last Run
--------------------------  -----  ---------  --------  ----------  --------------  -------------------
/opt/airflow/dags/task1.py                           0           1  0.05s           2023-11-21T10:13:59
================================================================================
[2023-11-21T10:14:36.986+0000] {manager.py:893} INFO - 
================================================================================
DAG File Processing Stats

File Path                   PID    Runtime      # DAGs    # Errors  Last Runtime    Last Run
--------------------------  -----  ---------  --------  ----------  --------------  -------------------
/opt/airflow/dags/task1.py                           0           1  0.06s           2023-11-21T10:14:30
================================================================================
[2023-11-21T10:15:07.165+0000] {manager.py:893} INFO - 
================================================================================
DAG File Processing Stats

File Path                   PID    Runtime      # DAGs    # Errors  Last Runtime    Last Run
--------------------------  -----  ---------  --------  ----------  --------------  -------------------
/opt/airflow/dags/task1.py                           0           1  0.06s           2023-11-21T10:15:04
================================================================================
[2023-11-21T10:15:37.300+0000] {manager.py:893} INFO - 
================================================================================
DAG File Processing Stats

File Path                   PID    Runtime      # DAGs    # Errors  Last Runtime    Last Run
--------------------------  -----  ---------  --------  ----------  --------------  -------------------
/opt/airflow/dags/task1.py                           0           1  0.05s           2023-11-21T10:15:34
================================================================================
[2023-11-21T10:16:07.443+0000] {manager.py:893} INFO - 
================================================================================
DAG File Processing Stats

File Path                   PID    Runtime      # DAGs    # Errors  Last Runtime    Last Run
--------------------------  -----  ---------  --------  ----------  --------------  -------------------
/opt/airflow/dags/task1.py                           0           1  0.05s           2023-11-21T10:16:04
================================================================================
[2023-11-21T10:16:37.580+0000] {manager.py:893} INFO - 
================================================================================
DAG File Processing Stats

File Path                   PID    Runtime      # DAGs    # Errors  Last Runtime    Last Run
--------------------------  -----  ---------  --------  ----------  --------------  -------------------
/opt/airflow/dags/task1.py                           0           1  0.05s           2023-11-21T10:16:34
================================================================================
[2023-11-21T10:17:07.714+0000] {manager.py:893} INFO - 
================================================================================
DAG File Processing Stats

File Path                   PID    Runtime      # DAGs    # Errors  Last Runtime    Last Run
--------------------------  -----  ---------  --------  ----------  --------------  -------------------
/opt/airflow/dags/task1.py                           0           1  0.05s           2023-11-21T10:17:04
================================================================================
[2023-11-21T10:17:37.850+0000] {manager.py:893} INFO - 
================================================================================
DAG File Processing Stats

File Path                   PID    Runtime      # DAGs    # Errors  Last Runtime    Last Run
--------------------------  -----  ---------  --------  ----------  --------------  -------------------
/opt/airflow/dags/task1.py                           0           1  0.05s           2023-11-21T10:17:34
================================================================================
[2023-11-21T10:17:58.937+0000] {manager.py:759} INFO - Searching for files in /opt/airflow/dags
[2023-11-21T10:17:58.950+0000] {manager.py:762} INFO - There are 1 files in /opt/airflow/dags
[2023-11-21T10:18:08.011+0000] {manager.py:893} INFO - 
================================================================================
DAG File Processing Stats

File Path                   PID    Runtime      # DAGs    # Errors  Last Runtime    Last Run
--------------------------  -----  ---------  --------  ----------  --------------  -------------------
/opt/airflow/dags/task1.py                           0           1  0.05s           2023-11-21T10:18:05
================================================================================
[2023-11-21T10:18:38.146+0000] {manager.py:893} INFO - 
================================================================================
DAG File Processing Stats

File Path                   PID    Runtime      # DAGs    # Errors  Last Runtime    Last Run
--------------------------  -----  ---------  --------  ----------  --------------  -------------------
/opt/airflow/dags/task1.py                           0           1  0.05s           2023-11-21T10:18:35
================================================================================
[2023-11-21T10:19:08.285+0000] {manager.py:893} INFO - 
================================================================================
DAG File Processing Stats

File Path                   PID    Runtime      # DAGs    # Errors  Last Runtime    Last Run
--------------------------  -----  ---------  --------  ----------  --------------  -------------------
/opt/airflow/dags/task1.py                           0           1  0.05s           2023-11-21T10:19:05
================================================================================
[2023-11-21T10:19:38.464+0000] {manager.py:893} INFO - 
================================================================================
DAG File Processing Stats

File Path                   PID    Runtime      # DAGs    # Errors  Last Runtime    Last Run
--------------------------  -----  ---------  --------  ----------  --------------  -------------------
/opt/airflow/dags/task1.py                           0           1  0.06s           2023-11-21T10:19:37
================================================================================
[2023-11-21T10:20:08.601+0000] {manager.py:893} INFO - 
================================================================================
DAG File Processing Stats

File Path                   PID    Runtime      # DAGs    # Errors  Last Runtime    Last Run
--------------------------  -----  ---------  --------  ----------  --------------  -------------------
/opt/airflow/dags/task1.py                           0           1  0.05s           2023-11-21T10:20:07
================================================================================
[2023-11-21T10:20:11.787+0000] {manager.py:469} INFO - Exiting gracefully upon receiving signal 15
[2023-11-28T13:48:47.769+0000] {manager.py:487} INFO - Processing files using up to 2 processes at a time 
[2023-11-28T13:48:47.773+0000] {manager.py:488} INFO - Process each file at most once every 30 seconds
[2023-11-28T13:48:47.773+0000] {manager.py:489} INFO - Checking for new files in /opt/airflow/dags every 300 seconds
[2023-11-28T13:48:47.774+0000] {manager.py:755} INFO - Searching for files in /opt/airflow/dags
[2023-11-28T13:48:47.814+0000] {manager.py:758} INFO - There are 1 files in /opt/airflow/dags
[2023-11-28T13:48:47.898+0000] {manager.py:887} INFO - 
================================================================================
DAG File Processing Stats

File Path                     PID  Runtime      # DAGs    # Errors  Last Runtime    Last Run
--------------------------  -----  ---------  --------  ----------  --------------  ----------
/opt/airflow/dags/task1.py     41  0.03s             0           0
================================================================================
[2023-11-28T13:49:18.030+0000] {manager.py:887} INFO - 
================================================================================
DAG File Processing Stats

File Path                   PID    Runtime      # DAGs    # Errors  Last Runtime    Last Run
--------------------------  -----  ---------  --------  ----------  --------------  -------------------
/opt/airflow/dags/task1.py                           1           0  3.88s           2023-11-28T13:48:51
================================================================================
[2023-11-28T13:49:48.184+0000] {manager.py:887} INFO - 
================================================================================
DAG File Processing Stats

File Path                   PID    Runtime      # DAGs    # Errors  Last Runtime    Last Run
--------------------------  -----  ---------  --------  ----------  --------------  -------------------
/opt/airflow/dags/task1.py                           1           0  2.48s           2023-11-28T13:49:24
================================================================================
[2023-11-28T13:50:18.728+0000] {manager.py:887} INFO - 
================================================================================
DAG File Processing Stats

File Path                   PID    Runtime      # DAGs    # Errors  Last Runtime    Last Run
--------------------------  -----  ---------  --------  ----------  --------------  -------------------
/opt/airflow/dags/task1.py                           1           0  2.34s           2023-11-28T13:49:56
================================================================================
[2023-11-28T13:50:49.222+0000] {manager.py:887} INFO - 
================================================================================
DAG File Processing Stats

File Path                   PID    Runtime      # DAGs    # Errors  Last Runtime    Last Run
--------------------------  -----  ---------  --------  ----------  --------------  -------------------
/opt/airflow/dags/task1.py                           1           0  2.05s           2023-11-28T13:50:29
================================================================================
[2023-11-28T13:51:19.447+0000] {manager.py:887} INFO - 
================================================================================
DAG File Processing Stats

File Path                   PID    Runtime      # DAGs    # Errors  Last Runtime    Last Run
--------------------------  -----  ---------  --------  ----------  --------------  -------------------
/opt/airflow/dags/task1.py                           1           0  2.52s           2023-11-28T13:51:01
================================================================================
[2023-11-28T13:51:41.455+0000] {manager.py:469} INFO - Exiting gracefully upon receiving signal 15
[2023-11-28T13:53:12.048+0000] {manager.py:487} INFO - Processing files using up to 2 processes at a time 
[2023-11-28T13:53:12.049+0000] {manager.py:488} INFO - Process each file at most once every 30 seconds
[2023-11-28T13:53:12.049+0000] {manager.py:489} INFO - Checking for new files in /opt/airflow/dags every 300 seconds
[2023-11-28T13:53:12.049+0000] {manager.py:755} INFO - Searching for files in /opt/airflow/dags
[2023-11-28T13:53:12.066+0000] {manager.py:758} INFO - There are 1 files in /opt/airflow/dags
[2023-11-28T13:53:12.127+0000] {manager.py:887} INFO - 
================================================================================
DAG File Processing Stats

File Path                     PID  Runtime      # DAGs    # Errors  Last Runtime    Last Run
--------------------------  -----  ---------  --------  ----------  --------------  ----------
/opt/airflow/dags/task1.py     41  0.03s             0           0
================================================================================
[2023-11-28T13:53:42.253+0000] {manager.py:887} INFO - 
================================================================================
DAG File Processing Stats

File Path                   PID    Runtime      # DAGs    # Errors  Last Runtime    Last Run
--------------------------  -----  ---------  --------  ----------  --------------  -------------------
/opt/airflow/dags/task1.py                           1           0  2.46s           2023-11-28T13:53:14
================================================================================
[2023-11-28T13:54:12.811+0000] {manager.py:887} INFO - 
================================================================================
DAG File Processing Stats

File Path                   PID    Runtime      # DAGs    # Errors  Last Runtime    Last Run
--------------------------  -----  ---------  --------  ----------  --------------  -------------------
/opt/airflow/dags/task1.py                           1           0  2.29s           2023-11-28T13:53:46
================================================================================
[2023-11-28T13:54:43.225+0000] {manager.py:887} INFO - 
================================================================================
DAG File Processing Stats

File Path                   PID    Runtime      # DAGs    # Errors  Last Runtime    Last Run
--------------------------  -----  ---------  --------  ----------  --------------  -------------------
/opt/airflow/dags/task1.py                           1           0  2.09s           2023-11-28T13:54:19
================================================================================
[2023-11-28T13:54:56.325+0000] {manager.py:469} INFO - Exiting gracefully upon receiving signal 15
[2023-11-28T13:55:06.368+0000] {manager.py:487} INFO - Processing files using up to 2 processes at a time 
[2023-11-28T13:55:06.369+0000] {manager.py:488} INFO - Process each file at most once every 30 seconds
[2023-11-28T13:55:06.369+0000] {manager.py:489} INFO - Checking for new files in /opt/airflow/dags every 300 seconds
[2023-11-28T13:55:06.370+0000] {manager.py:755} INFO - Searching for files in /opt/airflow/dags
[2023-11-28T13:55:06.411+0000] {manager.py:758} INFO - There are 1 files in /opt/airflow/dags
[2023-11-28T13:55:06.504+0000] {manager.py:887} INFO - 
================================================================================
DAG File Processing Stats

File Path                     PID  Runtime      # DAGs    # Errors  Last Runtime    Last Run
--------------------------  -----  ---------  --------  ----------  --------------  ----------
/opt/airflow/dags/task1.py     41  0.04s             0           0
================================================================================
[2023-11-28T13:55:36.786+0000] {manager.py:887} INFO - 
================================================================================
DAG File Processing Stats

File Path                   PID    Runtime      # DAGs    # Errors  Last Runtime    Last Run
--------------------------  -----  ---------  --------  ----------  --------------  -------------------
/opt/airflow/dags/task1.py                           1           0  2.67s           2023-11-28T13:55:09
================================================================================
[2023-11-28T13:56:07.109+0000] {manager.py:887} INFO - 
================================================================================
DAG File Processing Stats

File Path                   PID    Runtime      # DAGs    # Errors  Last Runtime    Last Run
--------------------------  -----  ---------  --------  ----------  --------------  -------------------
/opt/airflow/dags/task1.py                           1           0  10.26s          2023-11-28T13:55:49
================================================================================
[2023-11-28T13:56:37.841+0000] {manager.py:887} INFO - 
================================================================================
DAG File Processing Stats

File Path                   PID    Runtime      # DAGs    # Errors  Last Runtime    Last Run
--------------------------  -----  ---------  --------  ----------  --------------  -------------------
/opt/airflow/dags/task1.py                           1           0  9.53s           2023-11-28T13:56:29
================================================================================
[2023-11-28T13:57:08.216+0000] {manager.py:887} INFO - 
================================================================================
DAG File Processing Stats

File Path                   PID    Runtime      # DAGs    # Errors  Last Runtime    Last Run
--------------------------  -----  ---------  --------  ----------  --------------  -------------------
/opt/airflow/dags/task1.py                           1           0  2.44s           2023-11-28T13:57:02
================================================================================
[2023-11-28T13:57:38.669+0000] {manager.py:887} INFO - 
================================================================================
DAG File Processing Stats

File Path                   PID    Runtime      # DAGs    # Errors  Last Runtime    Last Run
--------------------------  -----  ---------  --------  ----------  --------------  -------------------
/opt/airflow/dags/task1.py                           1           0  2.06s           2023-11-28T13:57:34
================================================================================
[2023-11-28T13:58:08.873+0000] {manager.py:887} INFO - 
================================================================================
DAG File Processing Stats

File Path                   PID    Runtime      # DAGs    # Errors  Last Runtime    Last Run
--------------------------  -----  ---------  --------  ----------  --------------  -------------------
/opt/airflow/dags/task1.py                           1           0  2.17s           2023-11-28T13:58:07
================================================================================
[2023-11-28T13:58:39.022+0000] {manager.py:887} INFO - 
================================================================================
DAG File Processing Stats

File Path                     PID  Runtime      # DAGs    # Errors  Last Runtime    Last Run
--------------------------  -----  ---------  --------  ----------  --------------  -------------------
/opt/airflow/dags/task1.py   1217  1.85s             1           0  2.17s           2023-11-28T13:58:07
================================================================================
[2023-11-28T13:59:09.350+0000] {manager.py:887} INFO - 
================================================================================
DAG File Processing Stats

File Path                   PID    Runtime      # DAGs    # Errors  Last Runtime    Last Run
--------------------------  -----  ---------  --------  ----------  --------------  -------------------
/opt/airflow/dags/task1.py                           1           0  2.29s           2023-11-28T13:58:39
================================================================================
[2023-11-28T13:59:40.010+0000] {manager.py:887} INFO - 
================================================================================
DAG File Processing Stats

File Path                   PID    Runtime      # DAGs    # Errors  Last Runtime    Last Run
--------------------------  -----  ---------  --------  ----------  --------------  -------------------
/opt/airflow/dags/task1.py                           1           0  2.33s           2023-11-28T13:59:26
================================================================================
[2023-11-28T14:00:06.570+0000] {manager.py:755} INFO - Searching for files in /opt/airflow/dags
[2023-11-28T14:00:06.596+0000] {manager.py:758} INFO - There are 1 files in /opt/airflow/dags
[2023-11-28T14:00:10.208+0000] {manager.py:887} INFO - 
================================================================================
DAG File Processing Stats

File Path                   PID    Runtime      # DAGs    # Errors  Last Runtime    Last Run
--------------------------  -----  ---------  --------  ----------  --------------  -------------------
/opt/airflow/dags/task1.py                           1           0  2.40s           2023-11-28T14:00:05
================================================================================
[2023-11-28T14:00:40.525+0000] {manager.py:887} INFO - 
================================================================================
DAG File Processing Stats

File Path                     PID  Runtime      # DAGs    # Errors  Last Runtime    Last Run
--------------------------  -----  ---------  --------  ----------  --------------  -------------------
/opt/airflow/dags/task1.py   2162  4.68s             1           0  2.40s           2023-11-28T14:00:05
================================================================================
[2023-11-28T14:01:10.599+0000] {manager.py:887} INFO - 
================================================================================
DAG File Processing Stats

File Path                   PID    Runtime      # DAGs    # Errors  Last Runtime    Last Run
--------------------------  -----  ---------  --------  ----------  --------------  -------------------
/opt/airflow/dags/task1.py                           1           0  6.56s           2023-11-28T14:00:42
================================================================================
[2023-11-28T14:01:40.750+0000] {manager.py:887} INFO - 
================================================================================
DAG File Processing Stats

File Path                   PID    Runtime      # DAGs    # Errors  Last Runtime    Last Run
--------------------------  -----  ---------  --------  ----------  --------------  -------------------
/opt/airflow/dags/task1.py                           1           0  2.18s           2023-11-28T14:01:14
================================================================================
[2023-11-28T14:02:11.182+0000] {manager.py:887} INFO - 
================================================================================
DAG File Processing Stats

File Path                   PID    Runtime      # DAGs    # Errors  Last Runtime    Last Run
--------------------------  -----  ---------  --------  ----------  --------------  -------------------
/opt/airflow/dags/task1.py                           1           0  2.18s           2023-11-28T14:01:47
================================================================================
[2023-11-28T14:02:41.481+0000] {manager.py:887} INFO - 
================================================================================
DAG File Processing Stats

File Path                   PID    Runtime      # DAGs    # Errors  Last Runtime    Last Run
--------------------------  -----  ---------  --------  ----------  --------------  -------------------
/opt/airflow/dags/task1.py                           1           0  7.88s           2023-11-28T14:02:25
================================================================================
[2023-11-28T14:03:11.849+0000] {manager.py:887} INFO - 
================================================================================
DAG File Processing Stats

File Path                   PID    Runtime      # DAGs    # Errors  Last Runtime    Last Run
--------------------------  -----  ---------  --------  ----------  --------------  -------------------
/opt/airflow/dags/task1.py                           1           0  5.97s           2023-11-28T14:03:01
================================================================================
[2023-11-28T14:03:42.135+0000] {manager.py:887} INFO - 
================================================================================
DAG File Processing Stats

File Path                   PID    Runtime      # DAGs    # Errors  Last Runtime    Last Run
--------------------------  -----  ---------  --------  ----------  --------------  -------------------
/opt/airflow/dags/task1.py                           1           0  6.98s           2023-11-28T14:03:39
================================================================================
[2023-11-28T14:04:12.270+0000] {manager.py:887} INFO - 
================================================================================
DAG File Processing Stats

File Path                   PID    Runtime      # DAGs    # Errors  Last Runtime    Last Run
--------------------------  -----  ---------  --------  ----------  --------------  -------------------
/opt/airflow/dags/task1.py                           1           0  2.00s           2023-11-28T14:04:11
================================================================================
[2023-11-28T14:04:42.426+0000] {manager.py:887} INFO - 
================================================================================
DAG File Processing Stats

File Path                     PID  Runtime      # DAGs    # Errors  Last Runtime    Last Run
--------------------------  -----  ---------  --------  ----------  --------------  -------------------
/opt/airflow/dags/task1.py   3551  1.01s             1           0  2.00s           2023-11-28T14:04:11
================================================================================
[2023-11-28T14:05:06.642+0000] {manager.py:755} INFO - Searching for files in /opt/airflow/dags
[2023-11-28T14:05:06.679+0000] {manager.py:758} INFO - There are 1 files in /opt/airflow/dags
[2023-11-28T14:05:12.600+0000] {manager.py:887} INFO - 
================================================================================
DAG File Processing Stats

File Path                   PID    Runtime      # DAGs    # Errors  Last Runtime    Last Run
--------------------------  -----  ---------  --------  ----------  --------------  -------------------
/opt/airflow/dags/task1.py                           1           0  2.12s           2023-11-28T14:04:43
================================================================================
[2023-11-28T14:05:42.874+0000] {manager.py:887} INFO - 
================================================================================
DAG File Processing Stats

File Path                   PID    Runtime      # DAGs    # Errors  Last Runtime    Last Run
--------------------------  -----  ---------  --------  ----------  --------------  -------------------
/opt/airflow/dags/task1.py                           1           0  2.16s           2023-11-28T14:05:15
================================================================================
[2023-11-28T14:06:13.086+0000] {manager.py:887} INFO - 
================================================================================
DAG File Processing Stats

File Path                   PID    Runtime      # DAGs    # Errors  Last Runtime    Last Run
--------------------------  -----  ---------  --------  ----------  --------------  -------------------
/opt/airflow/dags/task1.py                           1           0  2.10s           2023-11-28T14:05:47
================================================================================
[2023-11-28T14:06:43.395+0000] {manager.py:887} INFO - 
================================================================================
DAG File Processing Stats

File Path                   PID    Runtime      # DAGs    # Errors  Last Runtime    Last Run
--------------------------  -----  ---------  --------  ----------  --------------  -------------------
/opt/airflow/dags/task1.py                           1           0  3.47s           2023-11-28T14:06:21
================================================================================
